<?xml version="1.0" encoding="UTF-8"?>
<!-- Generated by org.testng.reporters.JUnitReportReporter -->
<testsuite hostname="DESKTOP-28RBSED" failures="0" tests="1" name="com.ssid.test.didCreation.DidCreation" time="1.548" errors="0" timestamp="2023-05-18T00:02:57 IST" skipped="0">
  <testcase classname="com.ssid.test.didCreation.DidCreation" name="didCreation" time="1.548"/>
  <system-out/>
</testsuite> <!-- com.ssid.test.didCreation.DidCreation -->
