<?xml version="1.0" encoding="UTF-8"?>
<!-- Generated by org.testng.reporters.JUnitReportReporter -->
<testsuite hostname="Squbixs-Mac-mini.local" failures="0" tests="2" name="com.ssid.test.didTransaction.DidTransaction" time="156.336" errors="0" timestamp="2023-04-21T14:34:30 IST" skipped="0">
  <testcase classname="com.ssid.test.didTransaction.DidTransaction" name="didTrasaction" time="103.642"/>
  <system-out/>
  <testcase classname="com.ssid.test.didTransaction.DidTransaction" name="awalletOpen" time="52.694"/>
  <system-out/>
</testsuite> <!-- com.ssid.test.didTransaction.DidTransaction -->
