<?xml version="1.0" encoding="UTF-8"?>
<!-- Generated by org.testng.reporters.JUnitReportReporter -->
<testsuite hostname="Squbixs-Mac-mini.local" failures="0" tests="1" name="com.ssid.test.pairWiseLogin.PairWiseLogin" time="134.162" errors="0" timestamp="2023-04-11T15:27:08 IST" skipped="0">
  <testcase classname="com.ssid.test.pairWiseLogin.PairWiseLogin" name="PairwiseTrust" time="134.162"/>
  <system-out/>
</testsuite> <!-- com.ssid.test.pairWiseLogin.PairWiseLogin -->
