<?xml version="1.0" encoding="UTF-8"?>
<!-- Generated by org.testng.reporters.JUnitReportReporter -->
<testsuite hostname="Squbixs-Mac-mini.local" failures="0" tests="1" name="com.ssid.test.didTransaction.WalletRestore" time="51.894" errors="0" timestamp="2023-04-17T09:53:58 IST" skipped="0">
  <testcase classname="com.ssid.test.didTransaction.WalletRestore" name="walletOpen" time="51.894"/>
  <system-out/>
</testsuite> <!-- com.ssid.test.didTransaction.WalletRestore -->
