<?xml version="1.0" encoding="UTF-8"?>
<!-- Generated by org.testng.reporters.JUnitReportReporter -->
<testsuite hostname="Squbixs-Mac-mini.local" failures="0" tests="1" name="com.ssid.base.Base" time="15.929" errors="0" timestamp="2023-04-28T14:09:22 IST" skipped="0">
  <testcase classname="com.ssid.base.Base" name="mailNesia" time="15.929"/>
  <system-out/>
</testsuite> <!-- com.ssid.base.Base -->
