<?xml version="1.0" encoding="UTF-8"?>
<!-- Generated by org.testng.reporters.JUnitReportReporter -->
<testsuite hostname="Squbixs-Mac-mini.local" failures="0" tests="2" name="com.ssid.test.didTransaction.pairWiseTransaction" time="185.959" errors="0" timestamp="2023-04-21T14:49:32 IST" skipped="0">
  <testcase classname="com.ssid.test.didTransaction.pairWiseTransaction" name="walletOpen" time="48.855"/>
  <system-out/>
  <testcase classname="com.ssid.test.didTransaction.pairWiseTransaction" name="pTransaction" time="137.104"/>
  <system-out/>
</testsuite> <!-- com.ssid.test.didTransaction.pairWiseTransaction -->
