<?xml version="1.0" encoding="UTF-8"?>
<!-- Generated by org.testng.reporters.JUnitReportReporter -->
<testsuite hostname="Squbixs-Mac-mini.local" failures="0" tests="1" name="com.ssid.test.walletOpen.WalletOpen" time="12.579" errors="0" timestamp="2023-03-23T17:17:31 IST" skipped="0">
  <testcase classname="com.ssid.test.walletOpen.WalletOpen" name="walletOpen" time="12.579"/>
  <system-out/>
</testsuite> <!-- com.ssid.test.walletOpen.WalletOpen -->
