<?xml version="1.0" encoding="UTF-8"?>
<!-- Generated by org.testng.reporters.JUnitReportReporter -->
<testsuite hostname="Squbixs-Mac-mini.local" failures="0" tests="1" name="com.ssid.test.didTransaction.WalletOpen" time="112.750" errors="0" timestamp="2023-03-23T17:37:46 IST" skipped="0">
  <testcase classname="com.ssid.test.didTransaction.WalletOpen" name="walletOpen" time="112.750"/>
  <system-out/>
</testsuite> <!-- com.ssid.test.didTransaction.WalletOpen -->
