<?xml version="1.0" encoding="UTF-8"?>
<!-- Generated by org.testng.reporters.JUnitReportReporter -->
<testsuite hostname="Squbixs-Mac-mini.local" failures="0" tests="2" name="com.didTransaction.base.Base" time="208.722" errors="0" timestamp="2023-03-23T10:16:09 IST" skipped="0">
  <testcase classname="com.didTransaction.base.Base" name="SecondDevice" time="109.915"/>
  <system-out/>
  <testcase classname="com.didTransaction.base.Base" name="fstDevice" time="98.807"/>
  <system-out/>
</testsuite> <!-- com.didTransaction.base.Base -->
