<?xml version="1.0" encoding="UTF-8"?>
<!-- Generated by org.testng.reporters.JUnitReportReporter -->
<testsuite hostname="Squbixs-Mac-mini.local" failures="0" tests="1" name="com.ssid.test.signUp.SignUp" time="35.272" errors="0" timestamp="2023-04-28T12:02:55 IST" skipped="0">
  <testcase classname="com.ssid.test.signUp.SignUp" name="Signup" time="35.272"/>
  <system-out/>
</testsuite> <!-- com.ssid.test.signUp.SignUp -->
