<?xml version="1.0" encoding="UTF-8"?>
<!-- Generated by org.testng.reporters.JUnitReportReporter -->
<testsuite hostname="DESKTOP-28RBSED" failures="0" tests="1" name="com.ssid.test.didCreation.DidCreation" time="15.531" errors="0" timestamp="2023-05-14T23:41:27 IST" skipped="0">
  <testcase classname="com.ssid.test.didCreation.DidCreation" name="didCreation" time="15.531"/>
  <system-out/>
</testsuite> <!-- com.ssid.test.didCreation.DidCreation -->
