<?xml version="1.0" encoding="UTF-8"?>
<!-- Generated by org.testng.reporters.JUnitReportReporter -->
<testsuite hostname="Squbixs-Mac-mini.local" failures="0" tests="2" name="com.ssid.test.keyRotation.KeyRotation" time="190.889" errors="0" timestamp="2023-04-21T15:27:26 IST" skipped="0">
  <testcase classname="com.ssid.test.keyRotation.KeyRotation" name="forgoteMnemonics" time="111.762"/>
  <system-out/>
  <testcase classname="com.ssid.test.keyRotation.KeyRotation" name="setMnemonics" time="79.127"/>
  <system-out/>
</testsuite> <!-- com.ssid.test.keyRotation.KeyRotation -->
