<?xml version="1.0" encoding="UTF-8"?>
<!-- Generated by org.testng.reporters.JUnitReportReporter -->
<testsuite hostname="Squbixs-Mac-mini.local" failures="0" tests="1" name="com.didTransaction.base.platform.platform" time="6.168" errors="0" timestamp="2023-03-17T18:36:10 IST" skipped="0">
  <testcase classname="com.didTransaction.base.platform.platform" name="Excel" time="6.168"/>
  <system-out/>
</testsuite> <!-- com.didTransaction.base.platform.platform -->
